<?xml version="1.0" encoding="UTF-8"?>
<!-- Generated by org.testng.reporters.JUnitReportReporter -->
<testsuite hostname="Shihab" name="test.LoginTest" tests="1" failures="0" timestamp="25 Feb 2023 19:12:42 GMT" time="8.583" errors="0">
  <testcase name="validUserShouldBeAbleToLogin" time="8.583" classname="test.LoginTest"/>
</testsuite> <!-- test.LoginTest -->
