<?xml version="1.0" encoding="UTF-8"?>
<!-- Generated by org.testng.reporters.JUnitReportReporter -->
<testsuite hostname="Shihab" name="test.ListCustomerTest" tests="1" failures="0" timestamp="25 Feb 2023 19:12:42 GMT" time="17.518" errors="0">
  <testcase name="userShouldBeAbleToAddCustomerFromListCustomer" time="17.518" classname="test.ListCustomerTest"/>
</testsuite> <!-- test.ListCustomerTest -->
