<?xml version="1.0" encoding="UTF-8"?>
<!-- Generated by org.testng.reporters.JUnitReportReporter -->
<testsuite hostname="Shihab" name="test.AddCustomerTest" tests="1" failures="0" timestamp="25 Feb 2023 19:12:42 GMT" time="18.066" errors="0">
  <testcase name="userShouldBeAbleToAddCustomer" time="18.066" classname="test.AddCustomerTest"/>
</testsuite> <!-- test.AddCustomerTest -->
